<?xml version="1.0" encoding="UTF-8"?>
<!-- Generated by org.testng.reporters.JUnitXMLReporter -->
<testsuite ignored="0" hostname="TYSS-Shobha" failures="0" tests="3" name="Default test" time="0.08" errors="0" timestamp="2024-12-17T08:47:49 IST">
  <testcase classname="testNg.SampleTest" name="deleteContact" time="0.012"/>
  <testcase classname="testNg.SampleTest" name="modifyContact" time="0.001"/>
  <testcase classname="testNg.SampleTest" name="createContact" time="0.002"/>
</testsuite> <!-- Default test -->
